<?xml version="1.0" encoding="UTF-8"?>
<!-- Generated by org.testng.reporters.JUnitReportReporter -->
<testsuite hostname="LP-HarshitNigam" name="jenkinsdemo.program" tests="1" failures="0" timestamp="29 Jul 2019 12:29:18 GMT" time="8.577" errors="0">
  <testcase name="ab" time="8.577" classname="jenkinsdemo.program"/>
</testsuite> <!-- jenkinsdemo.program -->
