<?xml version="1.0" encoding="UTF-8"?>
<!-- Generated by org.testng.reporters.JUnitReportReporter -->
<testsuite hostname="LP-HarshitNigam" name="jenkinsdemo_xml_git.program" tests="1" failures="0" timestamp="30 Jul 2019 06:40:32 GMT" time="6.512" errors="0">
  <testcase name="ab" time="6.512" classname="jenkinsdemo_xml_git.program"/>
</testsuite> <!-- jenkinsdemo_xml_git.program -->
