<?xml version="1.0" encoding="UTF-8"?>
<!-- Generated by org.testng.reporters.JUnitReportReporter -->
<testsuite hostname="LP-HarshitNigam" name="jenkinsdemo_xml_git.program2" tests="1" failures="0" timestamp="30 Jul 2019 06:40:32 GMT" time="6.721" errors="0">
  <testcase name="ab" time="6.721" classname="jenkinsdemo_xml_git.program2"/>
</testsuite> <!-- jenkinsdemo_xml_git.program2 -->
